<?xml version="1.0" encoding="UTF-8"?>
<coverage generated="1739591290">
  <project timestamp="1739591290">
    <package name="App\Actions">
      <file name="/Users/chris/code/openbrewerydb-api-laravel/app/Actions/ImportBreweries.php">
        <class name="App\Actions\ImportBreweries" namespace="App\Actions">
          <metrics complexity="1" methods="1" coveredmethods="0" conditionals="0" coveredconditionals="0" statements="29" coveredstatements="0" elements="30" coveredelements="0"/>
        </class>
        <line num="12" type="method" name="handle" visibility="public" complexity="1" crap="2" count="0"/>
        <line num="14" type="stmt" count="0"/>
        <line num="16" type="stmt" count="0"/>
        <line num="17" type="stmt" count="0"/>
        <line num="18" type="stmt" count="0"/>
        <line num="20" type="stmt" count="0"/>
        <line num="22" type="stmt" count="0"/>
        <line num="23" type="stmt" count="0"/>
        <line num="24" type="stmt" count="0"/>
        <line num="25" type="stmt" count="0"/>
        <line num="26" type="stmt" count="0"/>
        <line num="27" type="stmt" count="0"/>
        <line num="28" type="stmt" count="0"/>
        <line num="29" type="stmt" count="0"/>
        <line num="30" type="stmt" count="0"/>
        <line num="31" type="stmt" count="0"/>
        <line num="32" type="stmt" count="0"/>
        <line num="33" type="stmt" count="0"/>
        <line num="34" type="stmt" count="0"/>
        <line num="35" type="stmt" count="0"/>
        <line num="36" type="stmt" count="0"/>
        <line num="37" type="stmt" count="0"/>
        <line num="38" type="stmt" count="0"/>
        <line num="39" type="stmt" count="0"/>
        <line num="40" type="stmt" count="0"/>
        <line num="41" type="stmt" count="0"/>
        <line num="42" type="stmt" count="0"/>
        <line num="43" type="stmt" count="0"/>
        <line num="44" type="stmt" count="0"/>
        <line num="45" type="stmt" count="0"/>
        <metrics loc="48" ncloc="48" classes="1" methods="1" coveredmethods="0" conditionals="0" coveredconditionals="0" statements="29" coveredstatements="0" elements="30" coveredelements="0"/>
      </file>
    </package>
    <package name="App\Console\Commands">
      <file name="/Users/chris/code/openbrewerydb-api-laravel/app/Console/Commands/ImportBreweries.php">
        <class name="App\Console\Commands\ImportBreweries" namespace="App\Console\Commands">
          <metrics complexity="2" methods="1" coveredmethods="0" conditionals="0" coveredconditionals="0" statements="6" coveredstatements="0" elements="7" coveredelements="0"/>
        </class>
        <line num="28" type="method" name="handle" visibility="public" complexity="2" crap="6" count="0"/>
        <line num="30" type="stmt" count="0"/>
        <line num="31" type="stmt" count="0"/>
        <line num="33" type="stmt" count="0"/>
        <line num="35" type="stmt" count="0"/>
        <line num="38" type="stmt" count="0"/>
        <line num="40" type="stmt" count="0"/>
        <metrics loc="43" ncloc="30" classes="1" methods="1" coveredmethods="0" conditionals="0" coveredconditionals="0" statements="6" coveredstatements="0" elements="7" coveredelements="0"/>
      </file>
      <file name="/Users/chris/code/openbrewerydb-api-laravel/app/Console/Commands/Install.php">
        <class name="App\Console\Commands\Install" namespace="App\Console\Commands">
          <metrics complexity="12" methods="5" coveredmethods="0" conditionals="0" coveredconditionals="0" statements="26" coveredstatements="0" elements="31" coveredelements="0"/>
        </class>
        <line num="26" type="method" name="handle" visibility="public" complexity="3" crap="12" count="0"/>
        <line num="28" type="stmt" count="0"/>
        <line num="29" type="stmt" count="0"/>
        <line num="31" type="stmt" count="0"/>
        <line num="33" type="stmt" count="0"/>
        <line num="34" type="stmt" count="0"/>
        <line num="38" type="stmt" count="0"/>
        <line num="40" type="stmt" count="0"/>
        <line num="42" type="stmt" count="0"/>
        <line num="44" type="stmt" count="0"/>
        <line num="46" type="stmt" count="0"/>
        <line num="48" type="stmt" count="0"/>
        <line num="54" type="method" name="ensureDatabaseExists" visibility="protected" complexity="2" crap="6" count="0"/>
        <line num="56" type="stmt" count="0"/>
        <line num="62" type="method" name="copyEnvExample" visibility="protected" complexity="2" crap="6" count="0"/>
        <line num="64" type="stmt" count="0"/>
        <line num="65" type="stmt" count="0"/>
        <line num="72" type="method" name="createAppKey" visibility="protected" complexity="3" crap="12" count="0"/>
        <line num="74" type="stmt" count="0"/>
        <line num="75" type="stmt" count="0"/>
        <line num="79" type="stmt" count="0"/>
        <line num="80" type="stmt" count="0"/>
        <line num="81" type="stmt" count="0"/>
        <line num="82" type="stmt" count="0"/>
        <line num="83" type="stmt" count="0"/>
        <line num="90" type="method" name="migrateDatabase" visibility="protected" complexity="2" crap="6" count="0"/>
        <line num="93" type="stmt" count="0"/>
        <line num="94" type="stmt" count="0"/>
        <line num="95" type="stmt" count="0"/>
        <line num="96" type="stmt" count="0"/>
        <line num="97" type="stmt" count="0"/>
        <metrics loc="101" ncloc="76" classes="1" methods="5" coveredmethods="0" conditionals="0" coveredconditionals="0" statements="26" coveredstatements="0" elements="31" coveredelements="0"/>
      </file>
      <file name="/Users/chris/code/openbrewerydb-api-laravel/app/Console/Commands/RefreshSearchIndexes.php">
        <class name="App\Console\Commands\RefreshSearchIndexes" namespace="App\Console\Commands">
          <metrics complexity="1" methods="1" coveredmethods="0" conditionals="0" coveredconditionals="0" statements="3" coveredstatements="0" elements="4" coveredelements="0"/>
        </class>
        <line num="27" type="method" name="handle" visibility="public" complexity="1" crap="2" count="0"/>
        <line num="29" type="stmt" count="0"/>
        <line num="31" type="stmt" count="0"/>
        <line num="33" type="stmt" count="0"/>
        <metrics loc="36" ncloc="23" classes="1" methods="1" coveredmethods="0" conditionals="0" coveredconditionals="0" statements="3" coveredstatements="0" elements="4" coveredelements="0"/>
      </file>
    </package>
    <file name="/Users/chris/code/openbrewerydb-api-laravel/app/Enums/BreweryType.php">
      <metrics loc="24" ncloc="23" classes="0" methods="0" coveredmethods="0" conditionals="0" coveredconditionals="0" statements="0" coveredstatements="0" elements="0" coveredelements="0"/>
    </file>
    <package name="App\Http\Controllers\Api\V1">
      <file name="/Users/chris/code/openbrewerydb-api-laravel/app/Http/Controllers/Api/V1/Autocomplete.php">
        <class name="App\Http\Controllers\Api\V1\Autocomplete" namespace="App\Http\Controllers\Api\V1">
          <metrics complexity="2" methods="1" coveredmethods="1" conditionals="0" coveredconditionals="0" statements="13" coveredstatements="13" elements="14" coveredelements="14"/>
        </class>
        <line num="15" type="method" name="__invoke" visibility="public" complexity="2" crap="2" count="6"/>
        <line num="17" type="stmt" count="6"/>
        <line num="18" type="stmt" count="6"/>
        <line num="19" type="stmt" count="6"/>
        <line num="21" type="stmt" count="6"/>
        <line num="22" type="stmt" count="1"/>
        <line num="25" type="stmt" count="5"/>
        <line num="27" type="stmt" count="5"/>
        <line num="28" type="stmt" count="5"/>
        <line num="29" type="stmt" count="4"/>
        <line num="30" type="stmt" count="5"/>
        <line num="31" type="stmt" count="5"/>
        <line num="32" type="stmt" count="5"/>
        <line num="34" type="stmt" count="5"/>
        <metrics loc="37" ncloc="34" classes="1" methods="1" coveredmethods="1" conditionals="0" coveredconditionals="0" statements="13" coveredstatements="13" elements="14" coveredelements="14"/>
      </file>
      <file name="/Users/chris/code/openbrewerydb-api-laravel/app/Http/Controllers/Api/V1/GetBreweriesMeta.php">
        <class name="App\Http\Controllers\Api\V1\GetBreweriesMeta" namespace="App\Http\Controllers\Api\V1">
          <metrics complexity="1" methods="1" coveredmethods="1" conditionals="0" coveredconditionals="0" statements="30" coveredstatements="30" elements="31" coveredelements="31"/>
        </class>
        <line num="19" type="method" name="__invoke" visibility="public" complexity="1" crap="1" count="4"/>
        <line num="22" type="stmt" count="4"/>
        <line num="23" type="stmt" count="4"/>
        <line num="25" type="stmt" count="4"/>
        <line num="26" type="stmt" count="4"/>
        <line num="27" type="stmt" count="4"/>
        <line num="28" type="stmt" count="4"/>
        <line num="29" type="stmt" count="4"/>
        <line num="30" type="stmt" count="4"/>
        <line num="32" type="stmt" count="4"/>
        <line num="33" type="stmt" count="4"/>
        <line num="34" type="stmt" count="4"/>
        <line num="35" type="stmt" count="4"/>
        <line num="36" type="stmt" count="4"/>
        <line num="37" type="stmt" count="4"/>
        <line num="38" type="stmt" count="4"/>
        <line num="39" type="stmt" count="4"/>
        <line num="40" type="stmt" count="4"/>
        <line num="42" type="stmt" count="4"/>
        <line num="43" type="stmt" count="4"/>
        <line num="44" type="stmt" count="4"/>
        <line num="45" type="stmt" count="4"/>
        <line num="46" type="stmt" count="4"/>
        <line num="47" type="stmt" count="4"/>
        <line num="49" type="stmt" count="4"/>
        <line num="50" type="stmt" count="4"/>
        <line num="51" type="stmt" count="4"/>
        <line num="52" type="stmt" count="4"/>
        <line num="53" type="stmt" count="4"/>
        <line num="54" type="stmt" count="4"/>
        <line num="55" type="stmt" count="4"/>
        <metrics loc="58" ncloc="54" classes="1" methods="1" coveredmethods="1" conditionals="0" coveredconditionals="0" statements="30" coveredstatements="30" elements="31" coveredelements="31"/>
      </file>
      <file name="/Users/chris/code/openbrewerydb-api-laravel/app/Http/Controllers/Api/V1/GetBrewery.php">
        <class name="App\Http\Controllers\Api\V1\GetBrewery" namespace="App\Http\Controllers\Api\V1">
          <metrics complexity="1" methods="1" coveredmethods="1" conditionals="0" coveredconditionals="0" statements="4" coveredstatements="4" elements="5" coveredelements="5"/>
        </class>
        <line num="17" type="method" name="__invoke" visibility="public" complexity="1" crap="1" count="7"/>
        <line num="19" type="stmt" count="7"/>
        <line num="20" type="stmt" count="7"/>
        <line num="21" type="stmt" count="7"/>
        <line num="23" type="stmt" count="5"/>
        <metrics loc="26" ncloc="23" classes="1" methods="1" coveredmethods="1" conditionals="0" coveredconditionals="0" statements="4" coveredstatements="4" elements="5" coveredelements="5"/>
      </file>
      <file name="/Users/chris/code/openbrewerydb-api-laravel/app/Http/Controllers/Api/V1/ListBreweries.php">
        <class name="App\Http\Controllers\Api\V1\ListBreweries" namespace="App\Http\Controllers\Api\V1">
          <metrics complexity="13" methods="1" coveredmethods="0" conditionals="0" coveredconditionals="0" statements="116" coveredstatements="110" elements="117" coveredelements="110"/>
        </class>
        <line num="18" type="method" name="__invoke" visibility="public" complexity="13" crap="13.02" count="41"/>
        <line num="20" type="stmt" count="41"/>
        <line num="21" type="stmt" count="41"/>
        <line num="22" type="stmt" count="41"/>
        <line num="23" type="stmt" count="41"/>
        <line num="26" type="stmt" count="41"/>
        <line num="27" type="stmt" count="41"/>
        <line num="28" type="stmt" count="41"/>
        <line num="29" type="stmt" count="41"/>
        <line num="30" type="stmt" count="41"/>
        <line num="31" type="stmt" count="41"/>
        <line num="32" type="stmt" count="41"/>
        <line num="33" type="stmt" count="41"/>
        <line num="34" type="stmt" count="41"/>
        <line num="35" type="stmt" count="41"/>
        <line num="37" type="stmt" count="41"/>
        <line num="38" type="stmt" count="3"/>
        <line num="41" type="stmt" count="39"/>
        <line num="42" type="stmt" count="39"/>
        <line num="43" type="stmt" count="39"/>
        <line num="44" type="stmt" count="4"/>
        <line num="45" type="stmt" count="4"/>
        <line num="46" type="stmt" count="4"/>
        <line num="47" type="stmt" count="4"/>
        <line num="49" type="stmt" count="4"/>
        <line num="50" type="stmt" count="39"/>
        <line num="51" type="stmt" count="39"/>
        <line num="52" type="stmt" count="3"/>
        <line num="53" type="stmt" count="39"/>
        <line num="54" type="stmt" count="39"/>
        <line num="55" type="stmt" count="2"/>
        <line num="56" type="stmt" count="2"/>
        <line num="57" type="stmt" count="39"/>
        <line num="58" type="stmt" count="39"/>
        <line num="59" type="stmt" count="3"/>
        <line num="60" type="stmt" count="39"/>
        <line num="61" type="stmt" count="39"/>
        <line num="62" type="stmt" count="8"/>
        <line num="63" type="stmt" count="8"/>
        <line num="64" type="stmt" count="8"/>
        <line num="65" type="stmt" count="8"/>
        <line num="66" type="stmt" count="8"/>
        <line num="67" type="stmt" count="8"/>
        <line num="69" type="stmt" count="8"/>
        <line num="70" type="stmt" count="39"/>
        <line num="71" type="stmt" count="39"/>
        <line num="72" type="stmt" count="4"/>
        <line num="73" type="stmt" count="39"/>
        <line num="74" type="stmt" count="39"/>
        <line num="75" type="stmt" count="3"/>
        <line num="77" type="stmt" count="3"/>
        <line num="78" type="stmt" count="3"/>
        <line num="79" type="stmt" count="3"/>
        <line num="80" type="stmt" count="3"/>
        <line num="81" type="stmt" count="3"/>
        <line num="82" type="stmt" count="3"/>
        <line num="84" type="stmt" count="3"/>
        <line num="85" type="stmt" count="39"/>
        <line num="86" type="stmt" count="39"/>
        <line num="87" type="stmt" count="4"/>
        <line num="89" type="stmt" count="4"/>
        <line num="90" type="stmt" count="4"/>
        <line num="91" type="stmt" count="4"/>
        <line num="92" type="stmt" count="4"/>
        <line num="93" type="stmt" count="4"/>
        <line num="96" type="stmt" count="4"/>
        <line num="97" type="stmt" count="0"/>
        <line num="100" type="stmt" count="4"/>
        <line num="101" type="stmt" count="1"/>
        <line num="104" type="stmt" count="4"/>
        <line num="105" type="stmt" count="1"/>
        <line num="108" type="stmt" count="3"/>
        <line num="109" type="stmt" count="39"/>
        <line num="110" type="stmt" count="39"/>
        <line num="111" type="stmt" count="3"/>
        <line num="113" type="stmt" count="3"/>
        <line num="114" type="stmt" count="3"/>
        <line num="115" type="stmt" count="3"/>
        <line num="116" type="stmt" count="3"/>
        <line num="117" type="stmt" count="3"/>
        <line num="119" type="stmt" count="3"/>
        <line num="120" type="stmt" count="39"/>
        <line num="121" type="stmt" count="39"/>
        <line num="122" type="stmt" count="3"/>
        <line num="124" type="stmt" count="3"/>
        <line num="125" type="stmt" count="3"/>
        <line num="126" type="stmt" count="3"/>
        <line num="127" type="stmt" count="3"/>
        <line num="128" type="stmt" count="3"/>
        <line num="130" type="stmt" count="3"/>
        <line num="131" type="stmt" count="3"/>
        <line num="133" type="stmt" count="39"/>
        <line num="134" type="stmt" count="39"/>
        <line num="135" type="stmt" count="39"/>
        <line num="136" type="stmt" count="39"/>
        <line num="137" type="stmt" count="39"/>
        <line num="138" type="stmt" count="0"/>
        <line num="139" type="stmt" count="0"/>
        <line num="140" type="stmt" count="0"/>
        <line num="141" type="stmt" count="0"/>
        <line num="142" type="stmt" count="0"/>
        <line num="143" type="stmt" count="39"/>
        <line num="144" type="stmt" count="39"/>
        <line num="145" type="stmt" count="38"/>
        <line num="146" type="stmt" count="38"/>
        <line num="147" type="stmt" count="38"/>
        <line num="148" type="stmt" count="38"/>
        <line num="149" type="stmt" count="38"/>
        <line num="150" type="stmt" count="39"/>
        <line num="151" type="stmt" count="39"/>
        <line num="153" type="stmt" count="38"/>
        <line num="154" type="stmt" count="38"/>
        <line num="155" type="stmt" count="38"/>
        <line num="156" type="stmt" count="38"/>
        <line num="157" type="stmt" count="38"/>
        <line num="158" type="stmt" count="38"/>
        <line num="159" type="stmt" count="38"/>
        <metrics loc="162" ncloc="157" classes="1" methods="1" coveredmethods="0" conditionals="0" coveredconditionals="0" statements="116" coveredstatements="110" elements="117" coveredelements="110"/>
      </file>
      <file name="/Users/chris/code/openbrewerydb-api-laravel/app/Http/Controllers/Api/V1/RandomBrewery.php">
        <class name="App\Http\Controllers\Api\V1\RandomBrewery" namespace="App\Http\Controllers\Api\V1">
          <metrics complexity="2" methods="1" coveredmethods="1" conditionals="0" coveredconditionals="0" statements="9" coveredstatements="9" elements="10" coveredelements="10"/>
        </class>
        <line num="16" type="method" name="__invoke" visibility="public" complexity="2" crap="2" count="7"/>
        <line num="18" type="stmt" count="7"/>
        <line num="19" type="stmt" count="7"/>
        <line num="20" type="stmt" count="7"/>
        <line num="22" type="stmt" count="7"/>
        <line num="23" type="stmt" count="1"/>
        <line num="26" type="stmt" count="6"/>
        <line num="27" type="stmt" count="6"/>
        <line num="28" type="stmt" count="6"/>
        <line num="30" type="stmt" count="6"/>
        <metrics loc="33" ncloc="30" classes="1" methods="1" coveredmethods="1" conditionals="0" coveredconditionals="0" statements="9" coveredstatements="9" elements="10" coveredelements="10"/>
      </file>
      <file name="/Users/chris/code/openbrewerydb-api-laravel/app/Http/Controllers/Api/V1/SearchBreweries.php">
        <class name="App\Http\Controllers\Api\V1\SearchBreweries" namespace="App\Http\Controllers\Api\V1">
          <metrics complexity="2" methods="1" coveredmethods="0" conditionals="0" coveredconditionals="0" statements="9" coveredstatements="0" elements="10" coveredelements="0"/>
        </class>
        <line num="16" type="method" name="__invoke" visibility="public" complexity="2" crap="6" count="0"/>
        <line num="18" type="stmt" count="0"/>
        <line num="19" type="stmt" count="0"/>
        <line num="20" type="stmt" count="0"/>
        <line num="22" type="stmt" count="0"/>
        <line num="23" type="stmt" count="0"/>
        <line num="26" type="stmt" count="0"/>
        <line num="28" type="stmt" count="0"/>
        <line num="29" type="stmt" count="0"/>
        <line num="31" type="stmt" count="0"/>
        <metrics loc="34" ncloc="31" classes="1" methods="1" coveredmethods="0" conditionals="0" coveredconditionals="0" statements="9" coveredstatements="0" elements="10" coveredelements="0"/>
      </file>
    </package>
    <package name="App\Http\Controllers">
      <file name="/Users/chris/code/openbrewerydb-api-laravel/app/Http/Controllers/Controller.php">
        <class name="App\Http\Controllers\Controller" namespace="App\Http\Controllers">
          <metrics complexity="0" methods="0" coveredmethods="0" conditionals="0" coveredconditionals="0" statements="0" coveredstatements="0" elements="0" coveredelements="0"/>
        </class>
        <metrics loc="9" ncloc="8" classes="0" methods="0" coveredmethods="0" conditionals="0" coveredconditionals="0" statements="0" coveredstatements="0" elements="0" coveredelements="0"/>
      </file>
    </package>
    <package name="App\Http\Resources\V1">
      <file name="/Users/chris/code/openbrewerydb-api-laravel/app/Http/Resources/V1/BreweryMetaResource.php">
        <class name="App\Http\Resources\V1\BreweryMetaResource" namespace="App\Http\Resources\V1">
          <metrics complexity="1" methods="1" coveredmethods="1" conditionals="0" coveredconditionals="0" statements="5" coveredstatements="5" elements="6" coveredelements="6"/>
        </class>
        <line num="15" type="method" name="toArray" visibility="public" complexity="1" crap="1" count="4"/>
        <line num="17" type="stmt" count="4"/>
        <line num="18" type="stmt" count="4"/>
        <line num="19" type="stmt" count="4"/>
        <line num="20" type="stmt" count="4"/>
        <line num="21" type="stmt" count="4"/>
        <metrics loc="24" ncloc="19" classes="1" methods="1" coveredmethods="1" conditionals="0" coveredconditionals="0" statements="5" coveredstatements="5" elements="6" coveredelements="6"/>
      </file>
      <file name="/Users/chris/code/openbrewerydb-api-laravel/app/Http/Resources/V1/BreweryResource.php">
        <class name="App\Http\Resources\V1\BreweryResource" namespace="App\Http\Resources\V1">
          <metrics complexity="1" methods="1" coveredmethods="1" conditionals="0" coveredconditionals="0" statements="19" coveredstatements="19" elements="20" coveredelements="20"/>
        </class>
        <line num="15" type="method" name="toArray" visibility="public" complexity="1" crap="1" count="44"/>
        <line num="17" type="stmt" count="44"/>
        <line num="18" type="stmt" count="44"/>
        <line num="19" type="stmt" count="44"/>
        <line num="20" type="stmt" count="44"/>
        <line num="21" type="stmt" count="44"/>
        <line num="22" type="stmt" count="44"/>
        <line num="23" type="stmt" count="44"/>
        <line num="24" type="stmt" count="44"/>
        <line num="25" type="stmt" count="44"/>
        <line num="26" type="stmt" count="44"/>
        <line num="27" type="stmt" count="44"/>
        <line num="28" type="stmt" count="44"/>
        <line num="29" type="stmt" count="44"/>
        <line num="30" type="stmt" count="44"/>
        <line num="31" type="stmt" count="44"/>
        <line num="32" type="stmt" count="44"/>
        <line num="33" type="stmt" count="44"/>
        <line num="34" type="stmt" count="44"/>
        <line num="35" type="stmt" count="44"/>
        <metrics loc="38" ncloc="33" classes="1" methods="1" coveredmethods="1" conditionals="0" coveredconditionals="0" statements="19" coveredstatements="19" elements="20" coveredelements="20"/>
      </file>
    </package>
    <package name="App\Models">
      <file name="/Users/chris/code/openbrewerydb-api-laravel/app/Models/Brewery.php">
        <class name="App\Models\Brewery" namespace="App\Models">
          <metrics complexity="1" methods="1" coveredmethods="1" conditionals="0" coveredconditionals="0" statements="3" coveredstatements="3" elements="4" coveredelements="4"/>
        </class>
        <line num="29" type="method" name="casts" visibility="protected" complexity="1" crap="1" count="64"/>
        <line num="31" type="stmt" count="64"/>
        <line num="32" type="stmt" count="64"/>
        <line num="33" type="stmt" count="64"/>
        <metrics loc="36" ncloc="25" classes="1" methods="1" coveredmethods="1" conditionals="0" coveredconditionals="0" statements="3" coveredstatements="3" elements="4" coveredelements="4"/>
      </file>
    </package>
    <package name="App\Models\Traits\V1">
      <file name="/Users/chris/code/openbrewerydb-api-laravel/app/Models/Traits/V1/BreweryFilters.php">
        <class name="App\Models\Traits\V1\BreweryFilters" namespace="App\Models\Traits\V1">
          <metrics complexity="7" methods="3" coveredmethods="3" conditionals="0" coveredconditionals="0" statements="26" coveredstatements="26" elements="29" coveredelements="29"/>
        </class>
        <line num="16" type="method" name="scopeByState" visibility="public" complexity="2" crap="2" count="8"/>
        <line num="19" type="stmt" count="8"/>
        <line num="22" type="stmt" count="8"/>
        <line num="25" type="stmt" count="8"/>
        <line num="28" type="stmt" count="8"/>
        <line num="29" type="stmt" count="1"/>
        <line num="32" type="stmt" count="7"/>
        <line num="33" type="stmt" count="7"/>
        <line num="34" type="stmt" count="7"/>
        <line num="45" type="method" name="scopeOrderByDistance" visibility="public" complexity="1" crap="1" count="3"/>
        <line num="47" type="stmt" count="3"/>
        <line num="50" type="stmt" count="3"/>
        <line num="51" type="stmt" count="3"/>
        <line num="52" type="stmt" count="3"/>
        <line num="54" type="stmt" count="3"/>
        <line num="55" type="stmt" count="3"/>
        <line num="56" type="stmt" count="3"/>
        <line num="57" type="stmt" count="3"/>
        <line num="67" type="method" name="scopeByType" visibility="public" complexity="4" crap="4" count="4"/>
        <line num="69" type="stmt" count="4"/>
        <line num="72" type="stmt" count="4"/>
        <line num="73" type="stmt" count="4"/>
        <line num="76" type="stmt" count="4"/>
        <line num="77" type="stmt" count="3"/>
        <line num="78" type="stmt" count="1"/>
        <line num="80" type="stmt" count="1"/>
        <line num="84" type="stmt" count="4"/>
        <line num="85" type="stmt" count="1"/>
        <line num="88" type="stmt" count="3"/>
        <metrics loc="91" ncloc="61" classes="1" methods="3" coveredmethods="3" conditionals="0" coveredconditionals="0" statements="26" coveredstatements="26" elements="29" coveredelements="29"/>
      </file>
    </package>
    <package name="App\Providers">
      <file name="/Users/chris/code/openbrewerydb-api-laravel/app/Providers/AppServiceProvider.php">
        <class name="App\Providers\AppServiceProvider" namespace="App\Providers">
          <metrics complexity="6" methods="4" coveredmethods="3" conditionals="0" coveredconditionals="0" statements="8" coveredstatements="7" elements="12" coveredelements="10"/>
        </class>
        <line num="14" type="method" name="register" visibility="public" complexity="1" crap="1" count="65"/>
        <line num="17" type="stmt" count="65"/>
        <line num="22" type="method" name="boot" visibility="public" complexity="1" crap="1" count="65"/>
        <line num="24" type="stmt" count="65"/>
        <line num="25" type="stmt" count="65"/>
        <line num="31" type="method" name="configureModels" visibility="protected" complexity="2" crap="2" count="65"/>
        <line num="33" type="stmt" count="65"/>
        <line num="35" type="stmt" count="65"/>
        <line num="41" type="method" name="forceHttps" visibility="protected" complexity="2" crap="2.15" count="65"/>
        <line num="43" type="stmt" count="65"/>
        <line num="44" type="stmt" count="0"/>
        <line num="47" type="stmt" count="65"/>
        <metrics loc="50" ncloc="37" classes="1" methods="4" coveredmethods="3" conditionals="0" coveredconditionals="0" statements="8" coveredstatements="7" elements="12" coveredelements="10"/>
      </file>
    </package>
    <metrics files="17" loc="850" ncloc="712" classes="15" methods="24" coveredmethods="13" conditionals="0" coveredconditionals="0" statements="306" coveredstatements="226" elements="330" coveredelements="239"/>
  </project>
</coverage>
